Checking whether the ASM compiler is GNU using "--version" did not match "(GNU assembler)|(GCC)|(Free Software Foundation)":
clang version 11.0.0 (https://github.com/llvm/llvm-project.git 0160ad802e899c2922bc9b29564080c22eb0908c)
Target: x86_64-unknown-linux-gnu
Thread model: posix
InstalledDir: /usr/bin
Determining if the include file malloc/malloc.h exists failed with the following output:
Change Dir: /home/oceanfish81/workarea/gollvm_1.15.2_ubuntu20_release/CMakeFiles/CMakeTmp

Run Build Command(s):/usr/local/bin/ninja cmTC_a1933 && [1/2] Building C object CMakeFiles/cmTC_a1933.dir/CheckIncludeFile.c.o
FAILED: CMakeFiles/cmTC_a1933.dir/CheckIncludeFile.c.o 
/usr/bin/clang    -MD -MT CMakeFiles/cmTC_a1933.dir/CheckIncludeFile.c.o -MF CMakeFiles/cmTC_a1933.dir/CheckIncludeFile.c.o.d -o CMakeFiles/cmTC_a1933.dir/CheckIncludeFile.c.o -c CheckIncludeFile.c
CheckIncludeFile.c:1:10: fatal error: 'malloc/malloc.h' file not found
#include <malloc/malloc.h>
         ^~~~~~~~~~~~~~~~~
1 error generated.
ninja: build stopped: subcommand failed.



Determining if the include file mach/mach.h exists failed with the following output:
Change Dir: /home/oceanfish81/workarea/gollvm_1.15.2_ubuntu20_release/CMakeFiles/CMakeTmp

Run Build Command(s):/usr/local/bin/ninja cmTC_33957 && [1/2] Building C object CMakeFiles/cmTC_33957.dir/CheckIncludeFile.c.o
FAILED: CMakeFiles/cmTC_33957.dir/CheckIncludeFile.c.o 
/usr/bin/clang    -MD -MT CMakeFiles/cmTC_33957.dir/CheckIncludeFile.c.o -MF CMakeFiles/cmTC_33957.dir/CheckIncludeFile.c.o.d -o CMakeFiles/cmTC_33957.dir/CheckIncludeFile.c.o -c CheckIncludeFile.c
CheckIncludeFile.c:1:10: fatal error: 'mach/mach.h' file not found
#include <mach/mach.h>
         ^~~~~~~~~~~~~
1 error generated.
ninja: build stopped: subcommand failed.



Determining if the include file histedit.h exists failed with the following output:
Change Dir: /home/oceanfish81/workarea/gollvm_1.15.2_ubuntu20_release/CMakeFiles/CMakeTmp

Run Build Command(s):/usr/local/bin/ninja cmTC_2ccb4 && [1/2] Building C object CMakeFiles/cmTC_2ccb4.dir/CheckIncludeFile.c.o
FAILED: CMakeFiles/cmTC_2ccb4.dir/CheckIncludeFile.c.o 
/usr/bin/clang    -MD -MT CMakeFiles/cmTC_2ccb4.dir/CheckIncludeFile.c.o -MF CMakeFiles/cmTC_2ccb4.dir/CheckIncludeFile.c.o.d -o CMakeFiles/cmTC_2ccb4.dir/CheckIncludeFile.c.o -c CheckIncludeFile.c
CheckIncludeFile.c:1:10: fatal error: 'histedit.h' file not found
#include <histedit.h>
         ^~~~~~~~~~~~
1 error generated.
ninja: build stopped: subcommand failed.



Determining if the include file CrashReporterClient.h exists failed with the following output:
Change Dir: /home/oceanfish81/workarea/gollvm_1.15.2_ubuntu20_release/CMakeFiles/CMakeTmp

Run Build Command(s):/usr/local/bin/ninja cmTC_9a264 && [1/2] Building C object CMakeFiles/cmTC_9a264.dir/CheckIncludeFile.c.o
FAILED: CMakeFiles/cmTC_9a264.dir/CheckIncludeFile.c.o 
/usr/bin/clang    -MD -MT CMakeFiles/cmTC_9a264.dir/CheckIncludeFile.c.o -MF CMakeFiles/cmTC_9a264.dir/CheckIncludeFile.c.o.d -o CMakeFiles/cmTC_9a264.dir/CheckIncludeFile.c.o -c CheckIncludeFile.c
CheckIncludeFile.c:1:10: fatal error: 'CrashReporterClient.h' file not found
#include <CrashReporterClient.h>
         ^~~~~~~~~~~~~~~~~~~~~~~
1 error generated.
ninja: build stopped: subcommand failed.



Determining if the function pfm_initialize exists in the pfm failed with the following output:
Change Dir: /home/oceanfish81/workarea/gollvm_1.15.2_ubuntu20_release/CMakeFiles/CMakeTmp

Run Build Command(s):/usr/local/bin/ninja cmTC_760e3 && [1/2] Building C object CMakeFiles/cmTC_760e3.dir/CheckFunctionExists.c.o
[2/2] Linking C executable cmTC_760e3
FAILED: cmTC_760e3 
: && /usr/bin/clang -DCHECK_FUNCTION_EXISTS=pfm_initialize  CMakeFiles/cmTC_760e3.dir/CheckFunctionExists.c.o -o cmTC_760e3  -lpfm  -lm && :
/usr/bin/ld: cannot find -lpfm
clang-11: error: linker command failed with exit code 1 (use -v to see invocation)
ninja: build stopped: subcommand failed.



Performing C SOURCE FILE Test CMAKE_HAVE_LIBC_PTHREAD failed with the following output:
Change Dir: /home/oceanfish81/workarea/gollvm_1.15.2_ubuntu20_release/CMakeFiles/CMakeTmp

Run Build Command(s):/usr/local/bin/ninja cmTC_ad234 && [1/2] Building C object CMakeFiles/cmTC_ad234.dir/src.c.o
[2/2] Linking C executable cmTC_ad234
FAILED: cmTC_ad234 
: && /usr/bin/clang -DCMAKE_HAVE_LIBC_PTHREAD  CMakeFiles/cmTC_ad234.dir/src.c.o -o cmTC_ad234  -lm && :
/usr/bin/ld: CMakeFiles/cmTC_ad234.dir/src.c.o: in function `main':
src.c:(.text+0x36): undefined reference to `pthread_create'
/usr/bin/ld: src.c:(.text+0x42): undefined reference to `pthread_detach'
/usr/bin/ld: src.c:(.text+0x4e): undefined reference to `pthread_cancel'
/usr/bin/ld: src.c:(.text+0x5e): undefined reference to `pthread_join'
clang-11: error: linker command failed with exit code 1 (use -v to see invocation)
ninja: build stopped: subcommand failed.


Source file was:
#include <pthread.h>

void* test_func(void* data)
{
  return data;
}

int main(void)
{
  pthread_t thread;
  pthread_create(&thread, NULL, test_func, NULL);
  pthread_detach(thread);
  pthread_cancel(thread);
  pthread_join(thread, NULL);
  pthread_atfork(NULL, NULL, NULL);
  pthread_exit(NULL);

  return 0;
}

Determining if the function pthread_create exists in the pthreads failed with the following output:
Change Dir: /home/oceanfish81/workarea/gollvm_1.15.2_ubuntu20_release/CMakeFiles/CMakeTmp

Run Build Command(s):/usr/local/bin/ninja cmTC_1a518 && [1/2] Building C object CMakeFiles/cmTC_1a518.dir/CheckFunctionExists.c.o
[2/2] Linking C executable cmTC_1a518
FAILED: cmTC_1a518 
: && /usr/bin/clang -DCHECK_FUNCTION_EXISTS=pthread_create  CMakeFiles/cmTC_1a518.dir/CheckFunctionExists.c.o -o cmTC_1a518  -lpthreads  -lm && :
/usr/bin/ld: cannot find -lpthreads
clang-11: error: linker command failed with exit code 1 (use -v to see invocation)
ninja: build stopped: subcommand failed.



Determining if the function xar_open exists in the xar failed with the following output:
Change Dir: /home/oceanfish81/workarea/gollvm_1.15.2_ubuntu20_release/CMakeFiles/CMakeTmp

Run Build Command(s):/usr/local/bin/ninja cmTC_b28d2 && [1/2] Building C object CMakeFiles/cmTC_b28d2.dir/CheckFunctionExists.c.o
[2/2] Linking C executable cmTC_b28d2
FAILED: cmTC_b28d2 
: && /usr/bin/clang -DCHECK_FUNCTION_EXISTS=xar_open  CMakeFiles/cmTC_b28d2.dir/CheckFunctionExists.c.o -o cmTC_b28d2  -lxar  -lm && :
/usr/bin/ld: cannot find -lxar
clang-11: error: linker command failed with exit code 1 (use -v to see invocation)
ninja: build stopped: subcommand failed.



Determining if the arc4random exist failed with the following output:
Change Dir: /home/oceanfish81/workarea/gollvm_1.15.2_ubuntu20_release/CMakeFiles/CMakeTmp

Run Build Command(s):/usr/local/bin/ninja cmTC_8f8dd && [1/2] Building C object CMakeFiles/cmTC_8f8dd.dir/CheckSymbolExists.c.o
FAILED: CMakeFiles/cmTC_8f8dd.dir/CheckSymbolExists.c.o 
/usr/bin/clang    -MD -MT CMakeFiles/cmTC_8f8dd.dir/CheckSymbolExists.c.o -MF CMakeFiles/cmTC_8f8dd.dir/CheckSymbolExists.c.o.d -o CMakeFiles/cmTC_8f8dd.dir/CheckSymbolExists.c.o -c CheckSymbolExists.c
CheckSymbolExists.c:8:19: error: use of undeclared identifier 'arc4random'; did you mean 'srandom'?
  return ((int*)(&arc4random))[argc];
                  ^~~~~~~~~~
                  srandom
/usr/include/stdlib.h:404:13: note: 'srandom' declared here
extern void srandom (unsigned int __seed) __THROW;
            ^
1 error generated.
ninja: build stopped: subcommand failed.


File /home/oceanfish81/workarea/gollvm_1.15.2_ubuntu20_release/CMakeFiles/CMakeTmp/CheckSymbolExists.c:
/* */
#include <stdlib.h>

int main(int argc, char** argv)
{
  (void)argv;
#ifndef arc4random
  return ((int*)(&arc4random))[argc];
#else
  (void)argc;
  return 0;
#endif
}
Determining if the mallctl exist failed with the following output:
Change Dir: /home/oceanfish81/workarea/gollvm_1.15.2_ubuntu20_release/CMakeFiles/CMakeTmp

Run Build Command(s):/usr/local/bin/ninja cmTC_e93b2 && [1/2] Building C object CMakeFiles/cmTC_e93b2.dir/CheckSymbolExists.c.o
FAILED: CMakeFiles/cmTC_e93b2.dir/CheckSymbolExists.c.o 
/usr/bin/clang   -Werror=unguarded-availability-new -MD -MT CMakeFiles/cmTC_e93b2.dir/CheckSymbolExists.c.o -MF CMakeFiles/cmTC_e93b2.dir/CheckSymbolExists.c.o.d -o CMakeFiles/cmTC_e93b2.dir/CheckSymbolExists.c.o -c CheckSymbolExists.c
CheckSymbolExists.c:2:10: fatal error: 'malloc_np.h' file not found
#include <malloc_np.h>
         ^~~~~~~~~~~~~
1 error generated.
ninja: build stopped: subcommand failed.


File /home/oceanfish81/workarea/gollvm_1.15.2_ubuntu20_release/CMakeFiles/CMakeTmp/CheckSymbolExists.c:
/* */
#include <malloc_np.h>

int main(int argc, char** argv)
{
  (void)argv;
#ifndef mallctl
  return ((int*)(&mallctl))[argc];
#else
  (void)argc;
  return 0;
#endif
}
Determining if the malloc_zone_statistics exist failed with the following output:
Change Dir: /home/oceanfish81/workarea/gollvm_1.15.2_ubuntu20_release/CMakeFiles/CMakeTmp

Run Build Command(s):/usr/local/bin/ninja cmTC_9bb42 && [1/2] Building C object CMakeFiles/cmTC_9bb42.dir/CheckSymbolExists.c.o
FAILED: CMakeFiles/cmTC_9bb42.dir/CheckSymbolExists.c.o 
/usr/bin/clang   -Werror=unguarded-availability-new -MD -MT CMakeFiles/cmTC_9bb42.dir/CheckSymbolExists.c.o -MF CMakeFiles/cmTC_9bb42.dir/CheckSymbolExists.c.o.d -o CMakeFiles/cmTC_9bb42.dir/CheckSymbolExists.c.o -c CheckSymbolExists.c
CheckSymbolExists.c:2:10: fatal error: 'malloc/malloc.h' file not found
#include <malloc/malloc.h>
         ^~~~~~~~~~~~~~~~~
1 error generated.
ninja: build stopped: subcommand failed.


File /home/oceanfish81/workarea/gollvm_1.15.2_ubuntu20_release/CMakeFiles/CMakeTmp/CheckSymbolExists.c:
/* */
#include <malloc/malloc.h>

int main(int argc, char** argv)
{
  (void)argv;
#ifndef malloc_zone_statistics
  return ((int*)(&malloc_zone_statistics))[argc];
#else
  (void)argc;
  return 0;
#endif
}
Determining if the strerror_s exist failed with the following output:
Change Dir: /home/oceanfish81/workarea/gollvm_1.15.2_ubuntu20_release/CMakeFiles/CMakeTmp

Run Build Command(s):/usr/local/bin/ninja cmTC_2a80c && [1/2] Building C object CMakeFiles/cmTC_2a80c.dir/CheckSymbolExists.c.o
FAILED: CMakeFiles/cmTC_2a80c.dir/CheckSymbolExists.c.o 
/usr/bin/clang   -Werror=unguarded-availability-new -MD -MT CMakeFiles/cmTC_2a80c.dir/CheckSymbolExists.c.o -MF CMakeFiles/cmTC_2a80c.dir/CheckSymbolExists.c.o.d -o CMakeFiles/cmTC_2a80c.dir/CheckSymbolExists.c.o -c CheckSymbolExists.c
CheckSymbolExists.c:8:19: error: use of undeclared identifier 'strerror_s'
  return ((int*)(&strerror_s))[argc];
                  ^
1 error generated.
ninja: build stopped: subcommand failed.


File /home/oceanfish81/workarea/gollvm_1.15.2_ubuntu20_release/CMakeFiles/CMakeTmp/CheckSymbolExists.c:
/* */
#include <string.h>

int main(int argc, char** argv)
{
  (void)argv;
#ifndef strerror_s
  return ((int*)(&strerror_s))[argc];
#else
  (void)argc;
  return 0;
#endif
}
Determining if the dladdr exist failed with the following output:
Change Dir: /home/oceanfish81/workarea/gollvm_1.15.2_ubuntu20_release/CMakeFiles/CMakeTmp

Run Build Command(s):/usr/local/bin/ninja cmTC_3c91a && [1/2] Building C object CMakeFiles/cmTC_3c91a.dir/CheckSymbolExists.c.o
FAILED: CMakeFiles/cmTC_3c91a.dir/CheckSymbolExists.c.o 
/usr/bin/clang   -Werror=unguarded-availability-new -MD -MT CMakeFiles/cmTC_3c91a.dir/CheckSymbolExists.c.o -MF CMakeFiles/cmTC_3c91a.dir/CheckSymbolExists.c.o.d -o CMakeFiles/cmTC_3c91a.dir/CheckSymbolExists.c.o -c CheckSymbolExists.c
CheckSymbolExists.c:8:19: error: use of undeclared identifier 'dladdr'
  return ((int*)(&dladdr))[argc];
                  ^
1 error generated.
ninja: build stopped: subcommand failed.


File /home/oceanfish81/workarea/gollvm_1.15.2_ubuntu20_release/CMakeFiles/CMakeTmp/CheckSymbolExists.c:
/* */
#include <dlfcn.h>

int main(int argc, char** argv)
{
  (void)argv;
#ifndef dladdr
  return ((int*)(&dladdr))[argc];
#else
  (void)argc;
  return 0;
#endif
}
Performing C SOURCE FILE Test HAVE_STRUCT_STAT_ST_MTIMESPEC_TV_NSEC failed with the following output:
Change Dir: /home/oceanfish81/workarea/gollvm_1.15.2_ubuntu20_release/CMakeFiles/CMakeTmp

Run Build Command(s):/usr/local/bin/ninja cmTC_f6c3a && [1/2] Building C object CMakeFiles/cmTC_f6c3a.dir/src.c.o
FAILED: CMakeFiles/cmTC_f6c3a.dir/src.c.o 
/usr/bin/clang   -DHAVE_STRUCT_STAT_ST_MTIMESPEC_TV_NSEC  -Werror=unguarded-availability-new -MD -MT CMakeFiles/cmTC_f6c3a.dir/src.c.o -MF CMakeFiles/cmTC_f6c3a.dir/src.c.o.d -o CMakeFiles/cmTC_f6c3a.dir/src.c.o -c src.c
src.c:7:36: error: no member named 'st_mtimespec' in 'struct stat'
  (void)sizeof(((struct stat *)0)->st_mtimespec.tv_nsec);
               ~~~~~~~~~~~~~~~~~~  ^
1 error generated.
ninja: build stopped: subcommand failed.


Source file was:

#include <sys/types.h>
#include <sys/stat.h>

int main()
{
  (void)sizeof(((struct stat *)0)->st_mtimespec.tv_nsec);
  return 0;
}

Performing C++ SOURCE FILE Test CXX_SUPPORTS_CLASS_MEMACCESS_FLAG failed with the following output:
Change Dir: /home/oceanfish81/workarea/gollvm_1.15.2_ubuntu20_release/CMakeFiles/CMakeTmp

Run Build Command(s):/usr/local/bin/ninja cmTC_40114 && [1/2] Building CXX object CMakeFiles/cmTC_40114.dir/src.cxx.o
warning: unknown warning option '-Wclass-memaccess'; did you mean '-Wclass-varargs'? [-Wunknown-warning-option]
1 warning generated.
[2/2] Linking CXX executable cmTC_40114


Source file was:
int main() { return 0; }
Performing C++ SOURCE FILE Test LINKER_SUPPORTS_COLOR_DIAGNOSTICS failed with the following output:
Change Dir: /home/oceanfish81/workarea/gollvm_1.15.2_ubuntu20_release/CMakeFiles/CMakeTmp

Run Build Command(s):/usr/local/bin/ninja cmTC_4b8ea && [1/2] Building CXX object CMakeFiles/cmTC_4b8ea.dir/src.cxx.o
[2/2] Linking CXX executable cmTC_4b8ea
FAILED: cmTC_4b8ea 
: && /usr/bin/clang++ -stdlib=libc++ -fPIC -fvisibility-inlines-hidden -Werror=date-time -Werror=unguarded-availability-new -Wall -Wextra -Wno-unused-parameter -Wwrite-strings -Wcast-qual -Wmissing-field-initializers -pedantic -Wno-long-long -Wimplicit-fallthrough -Wcovered-switch-default -Wno-noexcept-type -Wnon-virtual-dtor -Wdelete-non-virtual-dtor -Wsuggest-override -Wstring-conversion -fdiagnostics-color -DLINKER_SUPPORTS_COLOR_DIAGNOSTICS  -Werror=unguarded-availability-new -Wl,--color-diagnostics CMakeFiles/cmTC_4b8ea.dir/src.cxx.o -o cmTC_4b8ea  -lm && :
/usr/bin/ld: unrecognized option '--color-diagnostics'
/usr/bin/ld: use the --help option for usage information
clang-11: error: linker command failed with exit code 1 (use -v to see invocation)
ninja: build stopped: subcommand failed.


Source file was:
int main() { return 0; }
Determining if the os_signpost_interval_begin exist failed with the following output:
Change Dir: /home/oceanfish81/workarea/gollvm_1.15.2_ubuntu20_release/CMakeFiles/CMakeTmp

Run Build Command(s):/usr/local/bin/ninja cmTC_17d65 && [1/2] Building C object CMakeFiles/cmTC_17d65.dir/CheckSymbolExists.c.o
FAILED: CMakeFiles/cmTC_17d65.dir/CheckSymbolExists.c.o 
/usr/bin/clang -D_GNU_SOURCE  -fPIC -Werror=date-time -Werror=unguarded-availability-new -Wall -Wextra -Wno-unused-parameter -Wwrite-strings -Wmissing-field-initializers -pedantic -Wno-long-long -Wimplicit-fallthrough -Wcovered-switch-default -Wdelete-non-virtual-dtor -Wstring-conversion -fdiagnostics-color -ffunction-sections -fdata-sections  -Werror=unguarded-availability-new -MD -MT CMakeFiles/cmTC_17d65.dir/CheckSymbolExists.c.o -MF CMakeFiles/cmTC_17d65.dir/CheckSymbolExists.c.o.d -o CMakeFiles/cmTC_17d65.dir/CheckSymbolExists.c.o -c CheckSymbolExists.c
CheckSymbolExists.c:2:10: fatal error: 'os/signpost.h' file not found
#include <os/signpost.h>
         ^~~~~~~~~~~~~~~
1 error generated.
ninja: build stopped: subcommand failed.


File /home/oceanfish81/workarea/gollvm_1.15.2_ubuntu20_release/CMakeFiles/CMakeTmp/CheckSymbolExists.c:
/* */
#include <os/signpost.h>

int main(int argc, char** argv)
{
  (void)argv;
#ifndef os_signpost_interval_begin
  return ((int*)(&os_signpost_interval_begin))[argc];
#else
  (void)argc;
  return 0;
#endif
}
Determining if the getexecname exist failed with the following output:
Change Dir: /home/oceanfish81/workarea/gollvm_1.15.2_ubuntu20_release/CMakeFiles/CMakeTmp

Run Build Command(s):/usr/local/bin/ninja cmTC_82e48 && [1/2] Building C object CMakeFiles/cmTC_82e48.dir/CheckSymbolExists.c.o
FAILED: CMakeFiles/cmTC_82e48.dir/CheckSymbolExists.c.o 
/usr/bin/clang -D_GNU_SOURCE  -fPIC -Werror=date-time -Werror=unguarded-availability-new -Wall -Wextra -Wno-unused-parameter -Wwrite-strings -Wmissing-field-initializers -pedantic -Wno-long-long -Wimplicit-fallthrough -Wcovered-switch-default -Wdelete-non-virtual-dtor -Wstring-conversion -fdiagnostics-color -ffunction-sections -fdata-sections -fuse-ld=gold -fsplit-stack -MD -MT CMakeFiles/cmTC_82e48.dir/CheckSymbolExists.c.o -MF CMakeFiles/cmTC_82e48.dir/CheckSymbolExists.c.o.d -o CMakeFiles/cmTC_82e48.dir/CheckSymbolExists.c.o -c CheckSymbolExists.c
clang-11: warning: argument unused during compilation: '-fuse-ld=gold' [-Wunused-command-line-argument]
CheckSymbolExists.c:8:19: error: use of undeclared identifier 'getexecname'
  return ((int*)(&getexecname))[argc];
                  ^
1 error generated.
ninja: build stopped: subcommand failed.


File /home/oceanfish81/workarea/gollvm_1.15.2_ubuntu20_release/CMakeFiles/CMakeTmp/CheckSymbolExists.c:
/* */
#include <stdlib.h>

int main(int argc, char** argv)
{
  (void)argv;
#ifndef getexecname
  return ((int*)(&getexecname))[argc];
#else
  (void)argc;
  return 0;
#endif
}
Determining if the include file linux/ether.h exists failed with the following output:
Change Dir: /home/oceanfish81/workarea/gollvm_1.15.2_ubuntu20_release/CMakeFiles/CMakeTmp

Run Build Command(s):/usr/local/bin/ninja cmTC_72513 && [1/2] Building C object CMakeFiles/cmTC_72513.dir/CheckIncludeFile.c.o
FAILED: CMakeFiles/cmTC_72513.dir/CheckIncludeFile.c.o 
/usr/bin/clang -D_GNU_SOURCE -D_LARGEFILE64_SOURCE=1  -fPIC -Werror=date-time -Werror=unguarded-availability-new -Wall -Wextra -Wno-unused-parameter -Wwrite-strings -Wmissing-field-initializers -pedantic -Wno-long-long -Wimplicit-fallthrough -Wcovered-switch-default -Wdelete-non-virtual-dtor -Wstring-conversion -fdiagnostics-color -ffunction-sections -fdata-sections -fuse-ld=gold -fsplit-stack -MD -MT CMakeFiles/cmTC_72513.dir/CheckIncludeFile.c.o -MF CMakeFiles/cmTC_72513.dir/CheckIncludeFile.c.o.d -o CMakeFiles/cmTC_72513.dir/CheckIncludeFile.c.o -c CheckIncludeFile.c
clang-11: warning: argument unused during compilation: '-fuse-ld=gold' [-Wunused-command-line-argument]
CheckIncludeFile.c:1:10: fatal error: 'linux/ether.h' file not found
#include <linux/ether.h>
         ^~~~~~~~~~~~~~~
1 error generated.
ninja: build stopped: subcommand failed.



Determining if the include file netinet/ip_mroute.h exists failed with the following output:
Change Dir: /home/oceanfish81/workarea/gollvm_1.15.2_ubuntu20_release/CMakeFiles/CMakeTmp

Run Build Command(s):/usr/local/bin/ninja cmTC_aa21b && [1/2] Building C object CMakeFiles/cmTC_aa21b.dir/CheckIncludeFile.c.o
FAILED: CMakeFiles/cmTC_aa21b.dir/CheckIncludeFile.c.o 
/usr/bin/clang -D_GNU_SOURCE -D_LARGEFILE64_SOURCE=1  -fPIC -Werror=date-time -Werror=unguarded-availability-new -Wall -Wextra -Wno-unused-parameter -Wwrite-strings -Wmissing-field-initializers -pedantic -Wno-long-long -Wimplicit-fallthrough -Wcovered-switch-default -Wdelete-non-virtual-dtor -Wstring-conversion -fdiagnostics-color -ffunction-sections -fdata-sections -fuse-ld=gold -fsplit-stack -MD -MT CMakeFiles/cmTC_aa21b.dir/CheckIncludeFile.c.o -MF CMakeFiles/cmTC_aa21b.dir/CheckIncludeFile.c.o.d -o CMakeFiles/cmTC_aa21b.dir/CheckIncludeFile.c.o -c CheckIncludeFile.c
clang-11: warning: argument unused during compilation: '-fuse-ld=gold' [-Wunused-command-line-argument]
CheckIncludeFile.c:1:10: fatal error: 'netinet/ip_mroute.h' file not found
#include <netinet/ip_mroute.h>
         ^~~~~~~~~~~~~~~~~~~~~
1 error generated.
ninja: build stopped: subcommand failed.



Determining if the include file port.h exists failed with the following output:
Change Dir: /home/oceanfish81/workarea/gollvm_1.15.2_ubuntu20_release/CMakeFiles/CMakeTmp

Run Build Command(s):/usr/local/bin/ninja cmTC_89e86 && [1/2] Building C object CMakeFiles/cmTC_89e86.dir/CheckIncludeFile.c.o
FAILED: CMakeFiles/cmTC_89e86.dir/CheckIncludeFile.c.o 
/usr/bin/clang -D_GNU_SOURCE -D_LARGEFILE64_SOURCE=1  -fPIC -Werror=date-time -Werror=unguarded-availability-new -Wall -Wextra -Wno-unused-parameter -Wwrite-strings -Wmissing-field-initializers -pedantic -Wno-long-long -Wimplicit-fallthrough -Wcovered-switch-default -Wdelete-non-virtual-dtor -Wstring-conversion -fdiagnostics-color -ffunction-sections -fdata-sections -fuse-ld=gold -fsplit-stack -MD -MT CMakeFiles/cmTC_89e86.dir/CheckIncludeFile.c.o -MF CMakeFiles/cmTC_89e86.dir/CheckIncludeFile.c.o.d -o CMakeFiles/cmTC_89e86.dir/CheckIncludeFile.c.o -c CheckIncludeFile.c
clang-11: warning: argument unused during compilation: '-fuse-ld=gold' [-Wunused-command-line-argument]
CheckIncludeFile.c:1:10: fatal error: 'port.h' file not found
#include <port.h>
         ^~~~~~~~
1 error generated.
ninja: build stopped: subcommand failed.



Determining if the function alloca exists failed with the following output:
Change Dir: /home/oceanfish81/workarea/gollvm_1.15.2_ubuntu20_release/CMakeFiles/CMakeTmp

Run Build Command(s):/usr/local/bin/ninja cmTC_b121a && [1/2] Building C object CMakeFiles/cmTC_b121a.dir/CheckFunctionExists.c.o
clang-11: warning: argument unused during compilation: '-fuse-ld=gold' [-Wunused-command-line-argument]
/usr/share/cmake-3.18/Modules/CheckFunctionExists.c:7:3: warning: incompatible redeclaration of library function 'alloca' [-Wincompatible-library-redeclaration]
  CHECK_FUNCTION_EXISTS(void);
  ^
<command line>:3:31: note: expanded from here
#define CHECK_FUNCTION_EXISTS alloca
                              ^
/usr/share/cmake-3.18/Modules/CheckFunctionExists.c:7:3: note: 'alloca' is a builtin with type 'void *(unsigned long)'
<command line>:3:31: note: expanded from here
#define CHECK_FUNCTION_EXISTS alloca
                              ^
1 warning generated.
[2/2] Linking C executable cmTC_b121a
FAILED: cmTC_b121a 
: && /usr/bin/clang -fPIC -Werror=date-time -Werror=unguarded-availability-new -Wall -Wextra -Wno-unused-parameter -Wwrite-strings -Wmissing-field-initializers -pedantic -Wno-long-long -Wimplicit-fallthrough -Wcovered-switch-default -Wdelete-non-virtual-dtor -Wstring-conversion -fdiagnostics-color -ffunction-sections -fdata-sections -DCHECK_FUNCTION_EXISTS=alloca -fuse-ld=gold -fsplit-stack  CMakeFiles/cmTC_b121a.dir/CheckFunctionExists.c.o -o cmTC_b121a  -lm && :
CMakeFiles/cmTC_b121a.dir/CheckFunctionExists.c.o:CheckFunctionExists.c:function main: error: undefined reference to 'alloca'
clang-11: error: linker command failed with exit code 1 (use -v to see invocation)
ninja: build stopped: subcommand failed.



Performing C++ SOURCE FILE Test HAVE_CXX_FLAG_WD654 failed with the following output:
Change Dir: /home/oceanfish81/workarea/gollvm_1.15.2_ubuntu20_release/CMakeFiles/CMakeTmp

Run Build Command(s):/usr/local/bin/ninja cmTC_f22d9 && [1/2] Building CXX object CMakeFiles/cmTC_f22d9.dir/src.cxx.o
FAILED: CMakeFiles/cmTC_f22d9.dir/src.cxx.o 
/usr/bin/clang++   -stdlib=libc++ -fPIC -fvisibility-inlines-hidden -Werror=date-time -Werror=unguarded-availability-new -Wall -Wextra -Wno-unused-parameter -Wwrite-strings -Wcast-qual -Wmissing-field-initializers -pedantic -Wno-long-long -Wimplicit-fallthrough -Wcovered-switch-default -Wno-noexcept-type -Wnon-virtual-dtor -Wdelete-non-virtual-dtor -Wsuggest-override -Wstring-conversion -fdiagnostics-color -ffunction-sections -fdata-sections  -std=c++11  -Wall  -Wextra  -Wshadow  -pedantic  -pedantic-errors  -Wshorten-64-to-32  -Wfloat-equal  -fstrict-aliasing  -fno-exceptions  -Wno-suggest-override  -Wstrict-aliasing -DHAVE_CXX_FLAG_WD654  -Werror=unguarded-availability-new -wd654   -wd654 -std=c++14 -MD -MT CMakeFiles/cmTC_f22d9.dir/src.cxx.o -MF CMakeFiles/cmTC_f22d9.dir/src.cxx.o.d -o CMakeFiles/cmTC_f22d9.dir/src.cxx.o -c src.cxx
clang-11: error: unknown argument: '-wd654'
clang-11: error: unknown argument: '-wd654'
ninja: build stopped: subcommand failed.


Source file was:
int main() { return 0; }
